TN:
SF:E:\VUE\coursestest\app.js
FN:66,(anonymous_0)
FN:71,(anonymous_1)
FN:82,(anonymous_2)
FNF:3
FNH:2
FNDA:2,(anonymous_0)
FNDA:2,(anonymous_1)
FNDA:0,(anonymous_2)
DA:1,1
DA:2,1
DA:3,1
DA:4,1
DA:5,1
DA:7,1
DA:8,1
DA:10,1
DA:11,1
DA:12,1
DA:14,1
DA:17,1
DA:18,1
DA:21,1
DA:22,1
DA:23,1
DA:24,1
DA:26,1
DA:27,1
DA:30,1
DA:31,1
DA:32,1
DA:33,1
DA:34,1
DA:36,1
DA:37,1
DA:38,1
DA:39,1
DA:41,1
DA:42,1
DA:43,1
DA:44,1
DA:46,1
DA:47,1
DA:48,1
DA:52,1
DA:53,1
DA:54,1
DA:56,1
DA:57,1
DA:58,1
DA:59,1
DA:61,1
DA:62,1
DA:63,1
DA:66,1
DA:67,2
DA:71,1
DA:73,2
DA:74,2
DA:77,2
DA:78,2
DA:81,1
DA:82,0
DA:83,0
DA:84,0
DA:91,1
DA:92,0
DA:95,1
LF:59
LH:55
BRDA:74,0,0,0
BRDA:74,0,1,2
BRDA:77,1,0,2
BRDA:77,1,1,0
BRDA:81,2,0,0
BRDA:81,2,1,1
BRDA:83,3,0,0
BRDA:83,3,1,0
BRDA:91,4,0,0
BRDA:91,4,1,1
BRF:10
BRH:4
end_of_record
TN:
SF:E:\VUE\coursestest\models\courses.js
FNF:0
FNH:0
DA:2,1
DA:4,1
DA:14,1
LF:3
LH:3
BRF:0
BRH:0
end_of_record
TN:
SF:E:\VUE\coursestest\models\student.js
FNF:0
FNH:0
DA:1,1
DA:3,1
DA:11,1
LF:3
LH:3
BRF:0
BRH:0
end_of_record
TN:
SF:E:\VUE\coursestest\models\teacher.js
FNF:0
FNH:0
DA:1,1
DA:3,1
DA:12,1
LF:3
LH:3
BRF:0
BRH:0
end_of_record
TN:
SF:E:\VUE\coursestest\routes\courses.js
FN:12,(anonymous_0)
FN:16,(anonymous_1)
FN:21,(anonymous_2)
FN:24,(anonymous_3)
FN:33,(anonymous_4)
FN:35,(anonymous_5)
FN:53,getTotalNumbers
FN:55,(anonymous_7)
FN:59,(anonymous_8)
FN:61,(anonymous_9)
FN:71,getTotalHours
FN:73,(anonymous_11)
FN:77,(anonymous_12)
FN:79,(anonymous_13)
FN:89,(anonymous_14)
FN:93,(anonymous_15)
FN:104,getByValue
FN:105,(anonymous_17)
FN:109,(anonymous_18)
FN:121,(anonymous_19)
FN:136,(anonymous_20)
FN:138,(anonymous_21)
FN:144,(anonymous_22)
FN:162,(anonymous_23)
FN:164,(anonymous_24)
FN:169,(anonymous_25)
FN:187,(anonymous_26)
FN:189,(anonymous_27)
FN:194,(anonymous_28)
FN:212,(anonymous_29)
FN:214,(anonymous_30)
FNF:31
FNH:28
FNDA:0,(anonymous_0)
FNDA:1,(anonymous_1)
FNDA:7,(anonymous_2)
FNDA:7,(anonymous_3)
FNDA:3,(anonymous_4)
FNDA:3,(anonymous_5)
FNDA:1,getTotalNumbers
FNDA:8,(anonymous_7)
FNDA:1,(anonymous_8)
FNDA:1,(anonymous_9)
FNDA:1,getTotalHours
FNDA:8,(anonymous_11)
FNDA:1,(anonymous_12)
FNDA:1,(anonymous_13)
FNDA:2,(anonymous_14)
FNDA:2,(anonymous_15)
FNDA:0,getByValue
FNDA:0,(anonymous_17)
FNDA:1,(anonymous_18)
FNDA:1,(anonymous_19)
FNDA:4,(anonymous_20)
FNDA:4,(anonymous_21)
FNDA:3,(anonymous_22)
FNDA:4,(anonymous_23)
FNDA:4,(anonymous_24)
FNDA:3,(anonymous_25)
FNDA:4,(anonymous_26)
FNDA:4,(anonymous_27)
FNDA:3,(anonymous_28)
FNDA:2,(anonymous_29)
FNDA:2,(anonymous_30)
DA:5,1
DA:7,1
DA:8,1
DA:10,1
DA:12,1
DA:13,0
DA:16,1
DA:17,1
DA:21,1
DA:23,7
DA:24,7
DA:25,7
DA:26,0
DA:28,7
DA:33,1
DA:34,3
DA:35,3
DA:36,3
DA:37,1
DA:38,1
DA:40,2
DA:41,1
DA:43,1
DA:44,0
DA:47,1
DA:54,1
DA:55,8
DA:56,1
DA:59,1
DA:60,1
DA:61,1
DA:62,1
DA:63,0
DA:64,0
DA:67,1
DA:72,1
DA:73,8
DA:74,1
DA:77,1
DA:78,1
DA:79,1
DA:80,1
DA:81,0
DA:82,0
DA:85,1
DA:89,1
DA:91,2
DA:92,2
DA:93,2
DA:94,2
DA:95,1
DA:96,1
DA:99,1
DA:105,0
DA:106,0
DA:109,1
DA:110,1
DA:111,1
DA:113,1
DA:114,1
DA:115,1
DA:116,1
DA:117,1
DA:118,1
DA:120,1
DA:121,1
DA:122,1
DA:123,0
DA:126,1
DA:132,0
DA:136,1
DA:137,4
DA:138,4
DA:139,4
DA:140,0
DA:141,4
DA:142,3
DA:143,3
DA:144,3
DA:146,3
DA:147,1
DA:148,1
DA:151,2
DA:156,1
DA:162,1
DA:163,4
DA:164,4
DA:165,4
DA:166,0
DA:167,4
DA:168,3
DA:169,3
DA:171,3
DA:172,1
DA:173,1
DA:176,2
DA:181,1
DA:187,1
DA:188,4
DA:189,4
DA:190,4
DA:191,0
DA:192,4
DA:193,3
DA:194,3
DA:196,3
DA:197,1
DA:198,1
DA:201,2
DA:206,1
DA:212,1
DA:214,2
DA:215,2
DA:216,1
DA:217,1
DA:220,1
DA:226,1
LF:117
LH:103
BRDA:25,0,0,0
BRDA:25,0,1,7
BRDA:36,1,0,1
BRDA:36,1,1,2
BRDA:40,2,0,1
BRDA:40,2,1,1
BRDA:40,3,0,2
BRDA:40,3,1,1
BRDA:43,4,0,0
BRDA:43,4,1,1
BRDA:62,5,0,0
BRDA:62,5,1,1
BRDA:80,6,0,0
BRDA:80,6,1,1
BRDA:94,7,0,1
BRDA:94,7,1,1
BRDA:106,8,0,0
BRDA:106,8,1,0
BRDA:120,9,0,1
BRDA:120,9,1,0
BRDA:120,10,0,1
BRDA:120,10,1,1
BRDA:120,10,2,1
BRDA:120,10,3,1
BRDA:120,10,4,1
BRDA:120,10,5,1
BRDA:122,11,0,0
BRDA:122,11,1,1
BRDA:139,12,0,0
BRDA:139,12,1,4
BRDA:141,13,0,3
BRDA:141,13,1,1
BRDA:146,14,0,1
BRDA:146,14,1,2
BRDA:165,15,0,0
BRDA:165,15,1,4
BRDA:167,16,0,3
BRDA:167,16,1,1
BRDA:171,17,0,1
BRDA:171,17,1,2
BRDA:190,18,0,0
BRDA:190,18,1,4
BRDA:192,19,0,3
BRDA:192,19,1,1
BRDA:196,20,0,1
BRDA:196,20,1,2
BRDA:215,21,0,1
BRDA:215,21,1,1
BRF:48
BRH:37
end_of_record
TN:
SF:E:\VUE\coursestest\routes\index.js
FN:5,(anonymous_0)
FNF:1
FNH:0
FNDA:0,(anonymous_0)
DA:1,1
DA:2,1
DA:5,1
DA:6,0
DA:9,1
LF:5
LH:4
BRF:0
BRH:0
end_of_record
TN:
SF:E:\VUE\coursestest\routes\student.js
FN:12,(anonymous_0)
FN:16,(anonymous_1)
FN:21,(anonymous_2)
FN:24,(anonymous_3)
FN:33,(anonymous_4)
FN:35,(anonymous_5)
FN:46,(anonymous_6)
FN:48,(anonymous_7)
FN:59,(anonymous_8)
FN:63,(anonymous_9)
FN:75,(anonymous_10)
FN:84,(anonymous_11)
FN:96,(anonymous_12)
FN:100,(anonymous_13)
FN:111,(anonymous_14)
FN:115,(anonymous_15)
FN:128,(anonymous_16)
FN:129,(anonymous_17)
FNF:18
FNH:1
FNDA:0,(anonymous_0)
FNDA:1,(anonymous_1)
FNDA:0,(anonymous_2)
FNDA:0,(anonymous_3)
FNDA:0,(anonymous_4)
FNDA:0,(anonymous_5)
FNDA:0,(anonymous_6)
FNDA:0,(anonymous_7)
FNDA:0,(anonymous_8)
FNDA:0,(anonymous_9)
FNDA:0,(anonymous_10)
FNDA:0,(anonymous_11)
FNDA:0,(anonymous_12)
FNDA:0,(anonymous_13)
FNDA:0,(anonymous_14)
FNDA:0,(anonymous_15)
FNDA:0,(anonymous_16)
FNDA:0,(anonymous_17)
DA:5,1
DA:7,1
DA:8,1
DA:10,1
DA:12,1
DA:13,0
DA:16,1
DA:17,1
DA:21,1
DA:23,0
DA:24,0
DA:25,0
DA:26,0
DA:28,0
DA:33,1
DA:34,0
DA:35,0
DA:36,0
DA:37,0
DA:40,0
DA:46,1
DA:47,0
DA:48,0
DA:49,0
DA:50,0
DA:53,0
DA:59,1
DA:60,0
DA:61,0
DA:62,0
DA:63,0
DA:64,0
DA:65,0
DA:68,0
DA:75,1
DA:76,0
DA:77,0
DA:79,0
DA:80,0
DA:81,0
DA:82,0
DA:84,0
DA:85,0
DA:86,0
DA:90,0
DA:96,1
DA:97,0
DA:98,0
DA:99,0
DA:100,0
DA:101,0
DA:102,0
DA:103,0
DA:106,0
DA:111,1
DA:112,0
DA:113,0
DA:114,0
DA:115,0
DA:116,0
DA:117,0
DA:118,0
DA:121,0
DA:128,1
DA:129,0
DA:130,0
DA:131,0
DA:132,0
DA:135,0
DA:141,1
LF:70
LH:16
BRDA:25,0,0,0
BRDA:25,0,1,0
BRDA:36,1,0,0
BRDA:36,1,1,0
BRDA:49,2,0,0
BRDA:49,2,1,0
BRDA:64,3,0,0
BRDA:64,3,1,0
BRDA:85,4,0,0
BRDA:85,4,1,0
BRDA:101,5,0,0
BRDA:101,5,1,0
BRDA:116,6,0,0
BRDA:116,6,1,0
BRDA:130,7,0,0
BRDA:130,7,1,0
BRF:16
BRH:0
end_of_record
TN:
SF:E:\VUE\coursestest\routes\teacher.js
FN:12,(anonymous_0)
FN:16,(anonymous_1)
FN:21,(anonymous_2)
FN:25,(anonymous_3)
FN:34,(anonymous_4)
FN:38,(anonymous_5)
FN:50,(anonymous_6)
FN:54,(anonymous_7)
FN:66,(anonymous_8)
FN:70,(anonymous_9)
FN:84,(anonymous_10)
FN:94,(anonymous_11)
FN:107,(anonymous_12)
FN:111,(anonymous_13)
FN:122,(anonymous_14)
FN:126,(anonymous_15)
FN:139,(anonymous_16)
FN:141,(anonymous_17)
FNF:18
FNH:1
FNDA:0,(anonymous_0)
FNDA:1,(anonymous_1)
FNDA:0,(anonymous_2)
FNDA:0,(anonymous_3)
FNDA:0,(anonymous_4)
FNDA:0,(anonymous_5)
FNDA:0,(anonymous_6)
FNDA:0,(anonymous_7)
FNDA:0,(anonymous_8)
FNDA:0,(anonymous_9)
FNDA:0,(anonymous_10)
FNDA:0,(anonymous_11)
FNDA:0,(anonymous_12)
FNDA:0,(anonymous_13)
FNDA:0,(anonymous_14)
FNDA:0,(anonymous_15)
FNDA:0,(anonymous_16)
FNDA:0,(anonymous_17)
DA:5,1
DA:7,1
DA:8,1
DA:10,1
DA:12,1
DA:13,0
DA:16,1
DA:17,1
DA:21,1
DA:23,0
DA:25,0
DA:26,0
DA:27,0
DA:29,0
DA:34,1
DA:36,0
DA:38,0
DA:39,0
DA:40,0
DA:41,0
DA:44,0
DA:50,1
DA:52,0
DA:54,0
DA:55,0
DA:56,0
DA:59,0
DA:66,1
DA:67,0
DA:68,0
DA:69,0
DA:70,0
DA:71,0
DA:72,0
DA:76,0
DA:84,1
DA:85,0
DA:86,0
DA:88,0
DA:89,0
DA:90,0
DA:91,0
DA:92,0
DA:94,0
DA:95,0
DA:96,0
DA:101,0
DA:107,1
DA:108,0
DA:109,0
DA:110,0
DA:111,0
DA:112,0
DA:113,0
DA:114,0
DA:117,0
DA:122,1
DA:123,0
DA:124,0
DA:125,0
DA:126,0
DA:127,0
DA:128,0
DA:129,0
DA:132,0
DA:139,1
DA:141,0
DA:142,0
DA:143,0
DA:144,0
DA:148,0
DA:155,1
LF:72
LH:16
BRDA:26,0,0,0
BRDA:26,0,1,0
BRDA:39,1,0,0
BRDA:39,1,1,0
BRDA:55,2,0,0
BRDA:55,2,1,0
BRDA:71,3,0,0
BRDA:71,3,1,0
BRDA:95,4,0,0
BRDA:95,4,1,0
BRDA:112,5,0,0
BRDA:112,5,1,0
BRDA:127,6,0,0
BRDA:127,6,1,0
BRDA:142,7,0,0
BRDA:142,7,1,0
BRF:16
BRH:0
end_of_record
TN:
SF:E:\VUE\coursestest\routes\users.js
FN:5,(anonymous_0)
FNF:1
FNH:0
FNDA:0,(anonymous_0)
DA:1,1
DA:2,1
DA:5,1
DA:6,0
DA:9,1
LF:5
LH:4
BRF:0
BRH:0
end_of_record
